<?xml version="1.0" encoding="UTF-8"?>
<!-- Generated by org.testng.reporters.JUnitXMLReporter -->
<testsuite ignored="0" hostname="LAPTOP-J48I264D" failures="0" tests="4" name="MercuryTravelsLogin" time="0.079" errors="0" timestamp="2022-10-20T00:18:51 IST">
  <testcase classname="com.testng.selenium.java.Seleniumtestng" name="@BeforeTest openBrowser" time="0.032">
    <failure type="java.lang.IllegalStateException" message="The path to the driver executable The path to the driver executable must be set by the webdriver.chrome.driver system property; for more information, see https://chromedriver.chromium.org/. The latest version can be downloaded from https://chromedriver.chromium.org/downloads">
      <![CDATA[java.lang.IllegalStateException: The path to the driver executable The path to the driver executable must be set by the webdriver.chrome.driver system property; for more information, see https://chromedriver.chromium.org/. The latest version can be downloaded from https://chromedriver.chromium.org/downloads
at org.openqa.selenium.internal.Require$StateChecker.nonNull(Require.java:311)
at org.openqa.selenium.remote.service.DriverService.findExecutable(DriverService.java:135)
at org.openqa.selenium.chrome.ChromeDriverService.access$000(ChromeDriverService.java:39)
at org.openqa.selenium.chrome.ChromeDriverService$Builder.findDefaultExecutable(ChromeDriverService.java:233)
at org.openqa.selenium.remote.service.DriverService$Builder.build(DriverService.java:437)
at org.openqa.selenium.chrome.ChromeDriverService.createDefaultService(ChromeDriverService.java:128)
at org.openqa.selenium.chrome.ChromeDriver.<init>(ChromeDriver.java:49)
at com.testng.selenium.java.Seleniumtestng.openBrowser(Seleniumtestng.java:28)
... Removed 22 stack frames]]>
    </failure>
  </testcase> <!-- @BeforeTest openBrowser -->
  <testcase classname="com.testng.selenium.java.Seleniumtestng" name="@AfterTest tearDown" time="-1.666205331382E9">
    <skipped/>
  </testcase> <!-- @AfterTest tearDown -->
  <testcase classname="com.testng.selenium.java.Seleniumtestng" name="lunchApp" time="0.0">
    <skipped/>
  </testcase> <!-- lunchApp -->
  <testcase classname="com.testng.selenium.java.Seleniumtestng" name="login" time="0.0">
    <skipped/>
  </testcase> <!-- login -->
  <testcase classname="com.testng.selenium.java.Seleniumtestng" name="loginStatus" time="0.0">
    <skipped/>
  </testcase> <!-- loginStatus -->
  <testcase classname="com.testng.selenium.java.Seleniumtestng" name="logout" time="0.0">
    <skipped/>
  </testcase> <!-- logout -->
</testsuite> <!-- MercuryTravelsLogin -->
